This file contains any messages produced by compilers while
running configure, to aid debugging if configure makes a mistake.

It was created by MK Livestatus configure 1.2.7i2p3, which was
generated by GNU Autoconf 2.69.  Invocation command line was

  $ ./configure --libdir=/usr/lib/check_mk --bindir=/usr/bin --with-nagios4

## --------- ##
## Platform. ##
## --------- ##

hostname = ubuntu-amd64
uname -m = x86_64
uname -r = 3.13.0-24-generic
uname -s = Linux
uname -v = #47-Ubuntu SMP Fri May 2 23:30:00 UTC 2014

/usr/bin/uname -p = unknown
/bin/uname -X     = unknown

/bin/arch              = unknown
/usr/bin/arch -k       = unknown
/usr/convex/getsysinfo = unknown
/usr/bin/hostinfo      = unknown
/bin/machine           = unknown
/usr/bin/oslevel       = unknown
/bin/universe          = unknown

PATH: /usr/local/sbin
PATH: /usr/local/bin
PATH: /usr/sbin
PATH: /usr/bin
PATH: /sbin
PATH: /bin
PATH: /usr/games
PATH: /usr/local/games


## ----------- ##
## Core tests. ##
## ----------- ##

configure:2422: checking for a BSD-compatible install
configure:2490: result: /usr/bin/install -c
configure:2501: checking whether build environment is sane
configure:2551: result: yes
configure:2692: checking for a thread-safe mkdir -p
configure:2731: result: /bin/mkdir -p
configure:2744: checking for gawk
configure:2760: found /usr/bin/gawk
configure:2771: result: gawk
configure:2782: checking whether make sets $(MAKE)
configure:2804: result: yes
configure:2947: checking for g++
configure:2963: found /usr/bin/g++
configure:2974: result: g++
configure:3001: checking for C++ compiler version
configure:3010: g++ --version >&5
g++ (Ubuntu 4.8.4-2ubuntu1~14.04) 4.8.4
Copyright (C) 2013 Free Software Foundation, Inc.
This is free software; see the source for copying conditions.  There is NO
warranty; not even for MERCHANTABILITY or FITNESS FOR A PARTICULAR PURPOSE.

configure:3021: $? = 0
configure:3010: g++ -v >&5
Using built-in specs.
COLLECT_GCC=g++
COLLECT_LTO_WRAPPER=/usr/lib/gcc/x86_64-linux-gnu/4.8/lto-wrapper
Target: x86_64-linux-gnu
Configured with: ../src/configure -v --with-pkgversion='Ubuntu 4.8.4-2ubuntu1~14.04' --with-bugurl=file:///usr/share/doc/gcc-4.8/README.Bugs --enable-languages=c,c++,java,go,d,fortran,objc,obj-c++ --prefix=/usr --program-suffix=-4.8 --enable-shared --enable-linker-build-id --libexecdir=/usr/lib --without-included-gettext --enable-threads=posix --with-gxx-include-dir=/usr/include/c++/4.8 --libdir=/usr/lib --enable-nls --with-sysroot=/ --enable-clocale=gnu --enable-libstdcxx-debug --enable-libstdcxx-time=yes --enable-gnu-unique-object --disable-libmudflap --enable-plugin --with-system-zlib --disable-browser-plugin --enable-java-awt=gtk --enable-gtk-cairo --with-java-home=/usr/lib/jvm/java-1.5.0-gcj-4.8-amd64/jre --enable-java-home --with-jvm-root-dir=/usr/lib/jvm/java-1.5.0-gcj-4.8-amd64 --with-jvm-jar-dir=/usr/lib/jvm-exports/java-1.5.0-gcj-4.8-amd64 --with-arch-directory=amd64 --with-ecj-jar=/usr/share/java/eclipse-ecj.jar --enable-objc-gc --enable-multiarch --disable-werror --with-arch-32=i686 --with-abi=m64 --with-multilib-list=m32,m64,mx32 --with-tune=generic --enable-checking=release --build=x86_64-linux-gnu --host=x86_64-linux-gnu --target=x86_64-linux-gnu
Thread model: posix
gcc version 4.8.4 (Ubuntu 4.8.4-2ubuntu1~14.04) 
configure:3021: $? = 0
configure:3010: g++ -V >&5
g++: error: unrecognized command line option '-V'
g++: fatal error: no input files
compilation terminated.
configure:3021: $? = 4
configure:3010: g++ -qversion >&5
g++: error: unrecognized command line option '-qversion'
g++: fatal error: no input files
compilation terminated.
configure:3021: $? = 4
configure:3041: checking whether the C++ compiler works
configure:3063: g++    conftest.cpp  >&5
configure:3067: $? = 0
configure:3115: result: yes
configure:3118: checking for C++ compiler default output file name
configure:3120: result: a.out
configure:3126: checking for suffix of executables
configure:3133: g++ -o conftest    conftest.cpp  >&5
configure:3137: $? = 0
configure:3159: result: 
configure:3181: checking whether we are cross compiling
configure:3189: g++ -o conftest    conftest.cpp  >&5
configure:3193: $? = 0
configure:3200: ./conftest
configure:3204: $? = 0
configure:3219: result: no
configure:3224: checking for suffix of object files
configure:3246: g++ -c   conftest.cpp >&5
configure:3250: $? = 0
configure:3271: result: o
configure:3275: checking whether we are using the GNU C++ compiler
configure:3294: g++ -c   conftest.cpp >&5
configure:3294: $? = 0
configure:3303: result: yes
configure:3312: checking whether g++ accepts -g
configure:3332: g++ -c -g  conftest.cpp >&5
configure:3332: $? = 0
configure:3373: result: yes
configure:3407: checking for style of include used by make
configure:3435: result: GNU
configure:3461: checking dependency style of g++
configure:3572: result: gcc3
configure:3635: checking for gcc
configure:3651: found /usr/bin/gcc
configure:3662: result: gcc
configure:3891: checking for C compiler version
configure:3900: gcc --version >&5
gcc (Ubuntu 4.8.4-2ubuntu1~14.04) 4.8.4
Copyright (C) 2013 Free Software Foundation, Inc.
This is free software; see the source for copying conditions.  There is NO
warranty; not even for MERCHANTABILITY or FITNESS FOR A PARTICULAR PURPOSE.

configure:3911: $? = 0
configure:3900: gcc -v >&5
Using built-in specs.
COLLECT_GCC=gcc
COLLECT_LTO_WRAPPER=/usr/lib/gcc/x86_64-linux-gnu/4.8/lto-wrapper
Target: x86_64-linux-gnu
Configured with: ../src/configure -v --with-pkgversion='Ubuntu 4.8.4-2ubuntu1~14.04' --with-bugurl=file:///usr/share/doc/gcc-4.8/README.Bugs --enable-languages=c,c++,java,go,d,fortran,objc,obj-c++ --prefix=/usr --program-suffix=-4.8 --enable-shared --enable-linker-build-id --libexecdir=/usr/lib --without-included-gettext --enable-threads=posix --with-gxx-include-dir=/usr/include/c++/4.8 --libdir=/usr/lib --enable-nls --with-sysroot=/ --enable-clocale=gnu --enable-libstdcxx-debug --enable-libstdcxx-time=yes --enable-gnu-unique-object --disable-libmudflap --enable-plugin --with-system-zlib --disable-browser-plugin --enable-java-awt=gtk --enable-gtk-cairo --with-java-home=/usr/lib/jvm/java-1.5.0-gcj-4.8-amd64/jre --enable-java-home --with-jvm-root-dir=/usr/lib/jvm/java-1.5.0-gcj-4.8-amd64 --with-jvm-jar-dir=/usr/lib/jvm-exports/java-1.5.0-gcj-4.8-amd64 --with-arch-directory=amd64 --with-ecj-jar=/usr/share/java/eclipse-ecj.jar --enable-objc-gc --enable-multiarch --disable-werror --with-arch-32=i686 --with-abi=m64 --with-multilib-list=m32,m64,mx32 --with-tune=generic --enable-checking=release --build=x86_64-linux-gnu --host=x86_64-linux-gnu --target=x86_64-linux-gnu
Thread model: posix
gcc version 4.8.4 (Ubuntu 4.8.4-2ubuntu1~14.04) 
configure:3911: $? = 0
configure:3900: gcc -V >&5
gcc: error: unrecognized command line option '-V'
gcc: fatal error: no input files
compilation terminated.
configure:3911: $? = 4
configure:3900: gcc -qversion >&5
gcc: error: unrecognized command line option '-qversion'
gcc: fatal error: no input files
compilation terminated.
configure:3911: $? = 4
configure:3915: checking whether we are using the GNU C compiler
configure:3934: gcc -c   conftest.c >&5
configure:3934: $? = 0
configure:3943: result: yes
configure:3952: checking whether gcc accepts -g
configure:3972: gcc -c -g  conftest.c >&5
configure:3972: $? = 0
configure:4013: result: yes
configure:4030: checking for gcc option to accept ISO C89
configure:4093: gcc  -c -g -O2  conftest.c >&5
configure:4093: $? = 0
configure:4106: result: none needed
configure:4128: checking dependency style of gcc
configure:4239: result: gcc3
configure:4297: checking for ranlib
configure:4313: found /usr/bin/ranlib
configure:4324: result: ranlib
configure:4357: checking for socket in -lsocket
configure:4382: gcc -o conftest -g -O2   conftest.c -lsocket   >&5
/usr/bin/ld: cannot find -lsocket
collect2: error: ld returned 1 exit status
configure:4382: $? = 1
configure: failed program was:
| /* confdefs.h */
| #define PACKAGE_NAME "MK Livestatus"
| #define PACKAGE_TARNAME "mk-livestatus"
| #define PACKAGE_VERSION "1.2.7i2p3"
| #define PACKAGE_STRING "MK Livestatus 1.2.7i2p3"
| #define PACKAGE_BUGREPORT "mk@mathias-kettner.de"
| #define PACKAGE_URL ""
| #define PACKAGE "mk-livestatus"
| #define VERSION "1.2.7i2p3"
| /* end confdefs.h.  */
| 
| /* Override any GCC internal prototype to avoid an error.
|    Use char because int might match the return type of a GCC
|    builtin and then its argument prototype would still apply.  */
| #ifdef __cplusplus
| extern "C"
| #endif
| char socket ();
| int
| main ()
| {
| return socket ();
|   ;
|   return 0;
| }
configure:4391: result: no
configure:4402: checking for connect in -lsocket
configure:4427: gcc -o conftest -g -O2   conftest.c -lsocket   >&5
/usr/bin/ld: cannot find -lsocket
collect2: error: ld returned 1 exit status
configure:4427: $? = 1
configure: failed program was:
| /* confdefs.h */
| #define PACKAGE_NAME "MK Livestatus"
| #define PACKAGE_TARNAME "mk-livestatus"
| #define PACKAGE_VERSION "1.2.7i2p3"
| #define PACKAGE_STRING "MK Livestatus 1.2.7i2p3"
| #define PACKAGE_BUGREPORT "mk@mathias-kettner.de"
| #define PACKAGE_URL ""
| #define PACKAGE "mk-livestatus"
| #define VERSION "1.2.7i2p3"
| /* end confdefs.h.  */
| 
| /* Override any GCC internal prototype to avoid an error.
|    Use char because int might match the return type of a GCC
|    builtin and then its argument prototype would still apply.  */
| #ifdef __cplusplus
| extern "C"
| #endif
| char connect ();
| int
| main ()
| {
| return connect ();
|   ;
|   return 0;
| }
configure:4436: result: no
configure:4447: checking for shutdown in -lsocket
configure:4472: gcc -o conftest -g -O2   conftest.c -lsocket   >&5
/usr/bin/ld: cannot find -lsocket
collect2: error: ld returned 1 exit status
configure:4472: $? = 1
configure: failed program was:
| /* confdefs.h */
| #define PACKAGE_NAME "MK Livestatus"
| #define PACKAGE_TARNAME "mk-livestatus"
| #define PACKAGE_VERSION "1.2.7i2p3"
| #define PACKAGE_STRING "MK Livestatus 1.2.7i2p3"
| #define PACKAGE_BUGREPORT "mk@mathias-kettner.de"
| #define PACKAGE_URL ""
| #define PACKAGE "mk-livestatus"
| #define VERSION "1.2.7i2p3"
| /* end confdefs.h.  */
| 
| /* Override any GCC internal prototype to avoid an error.
|    Use char because int might match the return type of a GCC
|    builtin and then its argument prototype would still apply.  */
| #ifdef __cplusplus
| extern "C"
| #endif
| char shutdown ();
| int
| main ()
| {
| return shutdown ();
|   ;
|   return 0;
| }
configure:4481: result: no
configure:4497: checking for dirent.h that defines DIR
configure:4516: gcc -c -g -O2  conftest.c >&5
configure:4516: $? = 0
configure:4524: result: yes
configure:4537: checking for library containing opendir
configure:4568: gcc -o conftest -g -O2   conftest.c  >&5
configure:4568: $? = 0
configure:4585: result: none required
configure:4657: checking how to run the C preprocessor
configure:4688: gcc -E  conftest.c
configure:4688: $? = 0
configure:4702: gcc -E  conftest.c
conftest.c:12:28: fatal error: ac_nonexistent.h: No such file or directory
 #include <ac_nonexistent.h>
                            ^
compilation terminated.
configure:4702: $? = 1
configure: failed program was:
| /* confdefs.h */
| #define PACKAGE_NAME "MK Livestatus"
| #define PACKAGE_TARNAME "mk-livestatus"
| #define PACKAGE_VERSION "1.2.7i2p3"
| #define PACKAGE_STRING "MK Livestatus 1.2.7i2p3"
| #define PACKAGE_BUGREPORT "mk@mathias-kettner.de"
| #define PACKAGE_URL ""
| #define PACKAGE "mk-livestatus"
| #define VERSION "1.2.7i2p3"
| #define HAVE_DIRENT_H 1
| /* end confdefs.h.  */
| #include <ac_nonexistent.h>
configure:4727: result: gcc -E
configure:4747: gcc -E  conftest.c
configure:4747: $? = 0
configure:4761: gcc -E  conftest.c
conftest.c:12:28: fatal error: ac_nonexistent.h: No such file or directory
 #include <ac_nonexistent.h>
                            ^
compilation terminated.
configure:4761: $? = 1
configure: failed program was:
| /* confdefs.h */
| #define PACKAGE_NAME "MK Livestatus"
| #define PACKAGE_TARNAME "mk-livestatus"
| #define PACKAGE_VERSION "1.2.7i2p3"
| #define PACKAGE_STRING "MK Livestatus 1.2.7i2p3"
| #define PACKAGE_BUGREPORT "mk@mathias-kettner.de"
| #define PACKAGE_URL ""
| #define PACKAGE "mk-livestatus"
| #define VERSION "1.2.7i2p3"
| #define HAVE_DIRENT_H 1
| /* end confdefs.h.  */
| #include <ac_nonexistent.h>
configure:4790: checking for grep that handles long lines and -e
configure:4848: result: /bin/grep
configure:4853: checking for egrep
configure:4915: result: /bin/grep -E
configure:4920: checking for ANSI C header files
configure:4940: gcc -c -g -O2  conftest.c >&5
configure:4940: $? = 0
configure:5013: gcc -o conftest -g -O2   conftest.c  >&5
configure:5013: $? = 0
configure:5013: ./conftest
configure:5013: $? = 0
configure:5024: result: yes
configure:5032: checking for sys/wait.h that is POSIX.1 compatible
configure:5058: gcc -c -g -O2  conftest.c >&5
configure:5058: $? = 0
configure:5065: result: yes
configure:5078: checking for sys/types.h
configure:5078: gcc -c -g -O2  conftest.c >&5
configure:5078: $? = 0
configure:5078: result: yes
configure:5078: checking for sys/stat.h
configure:5078: gcc -c -g -O2  conftest.c >&5
configure:5078: $? = 0
configure:5078: result: yes
configure:5078: checking for stdlib.h
configure:5078: gcc -c -g -O2  conftest.c >&5
configure:5078: $? = 0
configure:5078: result: yes
configure:5078: checking for string.h
configure:5078: gcc -c -g -O2  conftest.c >&5
configure:5078: $? = 0
configure:5078: result: yes
configure:5078: checking for memory.h
configure:5078: gcc -c -g -O2  conftest.c >&5
configure:5078: $? = 0
configure:5078: result: yes
configure:5078: checking for strings.h
configure:5078: gcc -c -g -O2  conftest.c >&5
configure:5078: $? = 0
configure:5078: result: yes
configure:5078: checking for inttypes.h
configure:5078: gcc -c -g -O2  conftest.c >&5
configure:5078: $? = 0
configure:5078: result: yes
configure:5078: checking for stdint.h
configure:5078: gcc -c -g -O2  conftest.c >&5
configure:5078: $? = 0
configure:5078: result: yes
configure:5078: checking for unistd.h
configure:5078: gcc -c -g -O2  conftest.c >&5
configure:5078: $? = 0
configure:5078: result: yes
configure:5093: checking arpa/inet.h usability
configure:5093: gcc -c -g -O2  conftest.c >&5
configure:5093: $? = 0
configure:5093: result: yes
configure:5093: checking arpa/inet.h presence
configure:5093: gcc -E  conftest.c
configure:5093: $? = 0
configure:5093: result: yes
configure:5093: checking for arpa/inet.h
configure:5093: result: yes
configure:5093: checking fcntl.h usability
configure:5093: gcc -c -g -O2  conftest.c >&5
configure:5093: $? = 0
configure:5093: result: yes
configure:5093: checking fcntl.h presence
configure:5093: gcc -E  conftest.c
configure:5093: $? = 0
configure:5093: result: yes
configure:5093: checking for fcntl.h
configure:5093: result: yes
configure:5093: checking limits.h usability
configure:5093: gcc -c -g -O2  conftest.c >&5
configure:5093: $? = 0
configure:5093: result: yes
configure:5093: checking limits.h presence
configure:5093: gcc -E  conftest.c
configure:5093: $? = 0
configure:5093: result: yes
configure:5093: checking for limits.h
configure:5093: result: yes
configure:5093: checking netdb.h usability
configure:5093: gcc -c -g -O2  conftest.c >&5
configure:5093: $? = 0
configure:5093: result: yes
configure:5093: checking netdb.h presence
configure:5093: gcc -E  conftest.c
configure:5093: $? = 0
configure:5093: result: yes
configure:5093: checking for netdb.h
configure:5093: result: yes
configure:5093: checking netinet/in.h usability
configure:5093: gcc -c -g -O2  conftest.c >&5
configure:5093: $? = 0
configure:5093: result: yes
configure:5093: checking netinet/in.h presence
configure:5093: gcc -E  conftest.c
configure:5093: $? = 0
configure:5093: result: yes
configure:5093: checking for netinet/in.h
configure:5093: result: yes
configure:5093: checking for stdint.h
configure:5093: result: yes
configure:5093: checking for stdlib.h
configure:5093: result: yes
configure:5093: checking for string.h
configure:5093: result: yes
configure:5093: checking for strings.h
configure:5093: result: yes
configure:5093: checking sys/socket.h usability
configure:5093: gcc -c -g -O2  conftest.c >&5
configure:5093: $? = 0
configure:5093: result: yes
configure:5093: checking sys/socket.h presence
configure:5093: gcc -E  conftest.c
configure:5093: $? = 0
configure:5093: result: yes
configure:5093: checking for sys/socket.h
configure:5093: result: yes
configure:5093: checking sys/time.h usability
configure:5093: gcc -c -g -O2  conftest.c >&5
configure:5093: $? = 0
configure:5093: result: yes
configure:5093: checking sys/time.h presence
configure:5093: gcc -E  conftest.c
configure:5093: $? = 0
configure:5093: result: yes
configure:5093: checking for sys/time.h
configure:5093: result: yes
configure:5093: checking sys/timeb.h usability
configure:5093: gcc -c -g -O2  conftest.c >&5
configure:5093: $? = 0
configure:5093: result: yes
configure:5093: checking sys/timeb.h presence
configure:5093: gcc -E  conftest.c
configure:5093: $? = 0
configure:5093: result: yes
configure:5093: checking for sys/timeb.h
configure:5093: result: yes
configure:5093: checking syslog.h usability
configure:5093: gcc -c -g -O2  conftest.c >&5
configure:5093: $? = 0
configure:5093: result: yes
configure:5093: checking syslog.h presence
configure:5093: gcc -E  conftest.c
configure:5093: $? = 0
configure:5093: result: yes
configure:5093: checking for syslog.h
configure:5093: result: yes
configure:5093: checking for unistd.h
configure:5093: result: yes
configure:5105: checking for stdbool.h that conforms to C99
configure:5172: gcc -c -g -O2  conftest.c >&5
configure:5172: $? = 0
configure:5179: result: yes
configure:5181: checking for _Bool
configure:5181: gcc -c -g -O2  conftest.c >&5
configure:5181: $? = 0
configure:5181: gcc -c -g -O2  conftest.c >&5
conftest.c: In function 'main':
conftest.c:73:20: error: expected expression before ')' token
 if (sizeof ((_Bool)))
                    ^
configure:5181: $? = 1
configure: failed program was:
| /* confdefs.h */
| #define PACKAGE_NAME "MK Livestatus"
| #define PACKAGE_TARNAME "mk-livestatus"
| #define PACKAGE_VERSION "1.2.7i2p3"
| #define PACKAGE_STRING "MK Livestatus 1.2.7i2p3"
| #define PACKAGE_BUGREPORT "mk@mathias-kettner.de"
| #define PACKAGE_URL ""
| #define PACKAGE "mk-livestatus"
| #define VERSION "1.2.7i2p3"
| #define HAVE_DIRENT_H 1
| #define STDC_HEADERS 1
| #define HAVE_SYS_WAIT_H 1
| #define HAVE_SYS_TYPES_H 1
| #define HAVE_SYS_STAT_H 1
| #define HAVE_STDLIB_H 1
| #define HAVE_STRING_H 1
| #define HAVE_MEMORY_H 1
| #define HAVE_STRINGS_H 1
| #define HAVE_INTTYPES_H 1
| #define HAVE_STDINT_H 1
| #define HAVE_UNISTD_H 1
| #define HAVE_ARPA_INET_H 1
| #define HAVE_FCNTL_H 1
| #define HAVE_LIMITS_H 1
| #define HAVE_NETDB_H 1
| #define HAVE_NETINET_IN_H 1
| #define HAVE_STDINT_H 1
| #define HAVE_STDLIB_H 1
| #define HAVE_STRING_H 1
| #define HAVE_STRINGS_H 1
| #define HAVE_SYS_SOCKET_H 1
| #define HAVE_SYS_TIME_H 1
| #define HAVE_SYS_TIMEB_H 1
| #define HAVE_SYSLOG_H 1
| #define HAVE_UNISTD_H 1
| /* end confdefs.h.  */
| #include <stdio.h>
| #ifdef HAVE_SYS_TYPES_H
| # include <sys/types.h>
| #endif
| #ifdef HAVE_SYS_STAT_H
| # include <sys/stat.h>
| #endif
| #ifdef STDC_HEADERS
| # include <stdlib.h>
| # include <stddef.h>
| #else
| # ifdef HAVE_STDLIB_H
| #  include <stdlib.h>
| # endif
| #endif
| #ifdef HAVE_STRING_H
| # if !defined STDC_HEADERS && defined HAVE_MEMORY_H
| #  include <memory.h>
| # endif
| # include <string.h>
| #endif
| #ifdef HAVE_STRINGS_H
| # include <strings.h>
| #endif
| #ifdef HAVE_INTTYPES_H
| # include <inttypes.h>
| #endif
| #ifdef HAVE_STDINT_H
| # include <stdint.h>
| #endif
| #ifdef HAVE_UNISTD_H
| # include <unistd.h>
| #endif
| int
| main ()
| {
| if (sizeof ((_Bool)))
| 	    return 0;
|   ;
|   return 0;
| }
configure:5181: result: yes
configure:5198: checking for an ANSI C-conforming const
configure:5264: gcc -c -g -O2  conftest.c >&5
configure:5264: $? = 0
configure:5271: result: yes
configure:5279: checking for inline
configure:5295: gcc -c -g -O2  conftest.c >&5
configure:5295: $? = 0
configure:5303: result: inline
configure:5321: checking for int32_t
configure:5321: gcc -c -g -O2  conftest.c >&5
configure:5321: $? = 0
configure:5321: gcc -c -g -O2  conftest.c >&5
conftest.c: In function 'main':
conftest.c:77:53: warning: integer overflow in expression [-Woverflow]
    < (int32_t) (((((int32_t) 1 << N) << N) - 1) * 2 + 2))];
                                                     ^
conftest.c:76:12: error: storage size of 'test_array' isn't constant
 static int test_array [1 - 2 * !((int32_t) (((((int32_t) 1 << N) << N) - 1) * 2 + 1)
            ^
configure:5321: $? = 1
configure: failed program was:
| /* confdefs.h */
| #define PACKAGE_NAME "MK Livestatus"
| #define PACKAGE_TARNAME "mk-livestatus"
| #define PACKAGE_VERSION "1.2.7i2p3"
| #define PACKAGE_STRING "MK Livestatus 1.2.7i2p3"
| #define PACKAGE_BUGREPORT "mk@mathias-kettner.de"
| #define PACKAGE_URL ""
| #define PACKAGE "mk-livestatus"
| #define VERSION "1.2.7i2p3"
| #define HAVE_DIRENT_H 1
| #define STDC_HEADERS 1
| #define HAVE_SYS_WAIT_H 1
| #define HAVE_SYS_TYPES_H 1
| #define HAVE_SYS_STAT_H 1
| #define HAVE_STDLIB_H 1
| #define HAVE_STRING_H 1
| #define HAVE_MEMORY_H 1
| #define HAVE_STRINGS_H 1
| #define HAVE_INTTYPES_H 1
| #define HAVE_STDINT_H 1
| #define HAVE_UNISTD_H 1
| #define HAVE_ARPA_INET_H 1
| #define HAVE_FCNTL_H 1
| #define HAVE_LIMITS_H 1
| #define HAVE_NETDB_H 1
| #define HAVE_NETINET_IN_H 1
| #define HAVE_STDINT_H 1
| #define HAVE_STDLIB_H 1
| #define HAVE_STRING_H 1
| #define HAVE_STRINGS_H 1
| #define HAVE_SYS_SOCKET_H 1
| #define HAVE_SYS_TIME_H 1
| #define HAVE_SYS_TIMEB_H 1
| #define HAVE_SYSLOG_H 1
| #define HAVE_UNISTD_H 1
| #define HAVE__BOOL 1
| #define HAVE_STDBOOL_H 1
| /* end confdefs.h.  */
| #include <stdio.h>
| #ifdef HAVE_SYS_TYPES_H
| # include <sys/types.h>
| #endif
| #ifdef HAVE_SYS_STAT_H
| # include <sys/stat.h>
| #endif
| #ifdef STDC_HEADERS
| # include <stdlib.h>
| # include <stddef.h>
| #else
| # ifdef HAVE_STDLIB_H
| #  include <stdlib.h>
| # endif
| #endif
| #ifdef HAVE_STRING_H
| # if !defined STDC_HEADERS && defined HAVE_MEMORY_H
| #  include <memory.h>
| # endif
| # include <string.h>
| #endif
| #ifdef HAVE_STRINGS_H
| # include <strings.h>
| #endif
| #ifdef HAVE_INTTYPES_H
| # include <inttypes.h>
| #endif
| #ifdef HAVE_STDINT_H
| # include <stdint.h>
| #endif
| #ifdef HAVE_UNISTD_H
| # include <unistd.h>
| #endif
| 	        enum { N = 32 / 2 - 1 };
| int
| main ()
| {
| static int test_array [1 - 2 * !((int32_t) (((((int32_t) 1 << N) << N) - 1) * 2 + 1)
| 		 < (int32_t) (((((int32_t) 1 << N) << N) - 1) * 2 + 2))];
| test_array [0] = 0;
| return test_array [0];
| 
|   ;
|   return 0;
| }
configure:5321: result: yes
configure:5332: checking for int64_t
configure:5332: gcc -c -g -O2  conftest.c >&5
configure:5332: $? = 0
configure:5332: gcc -c -g -O2  conftest.c >&5
conftest.c: In function 'main':
conftest.c:77:53: warning: integer overflow in expression [-Woverflow]
    < (int64_t) (((((int64_t) 1 << N) << N) - 1) * 2 + 2))];
                                                     ^
conftest.c:76:12: error: storage size of 'test_array' isn't constant
 static int test_array [1 - 2 * !((int64_t) (((((int64_t) 1 << N) << N) - 1) * 2 + 1)
            ^
configure:5332: $? = 1
configure: failed program was:
| /* confdefs.h */
| #define PACKAGE_NAME "MK Livestatus"
| #define PACKAGE_TARNAME "mk-livestatus"
| #define PACKAGE_VERSION "1.2.7i2p3"
| #define PACKAGE_STRING "MK Livestatus 1.2.7i2p3"
| #define PACKAGE_BUGREPORT "mk@mathias-kettner.de"
| #define PACKAGE_URL ""
| #define PACKAGE "mk-livestatus"
| #define VERSION "1.2.7i2p3"
| #define HAVE_DIRENT_H 1
| #define STDC_HEADERS 1
| #define HAVE_SYS_WAIT_H 1
| #define HAVE_SYS_TYPES_H 1
| #define HAVE_SYS_STAT_H 1
| #define HAVE_STDLIB_H 1
| #define HAVE_STRING_H 1
| #define HAVE_MEMORY_H 1
| #define HAVE_STRINGS_H 1
| #define HAVE_INTTYPES_H 1
| #define HAVE_STDINT_H 1
| #define HAVE_UNISTD_H 1
| #define HAVE_ARPA_INET_H 1
| #define HAVE_FCNTL_H 1
| #define HAVE_LIMITS_H 1
| #define HAVE_NETDB_H 1
| #define HAVE_NETINET_IN_H 1
| #define HAVE_STDINT_H 1
| #define HAVE_STDLIB_H 1
| #define HAVE_STRING_H 1
| #define HAVE_STRINGS_H 1
| #define HAVE_SYS_SOCKET_H 1
| #define HAVE_SYS_TIME_H 1
| #define HAVE_SYS_TIMEB_H 1
| #define HAVE_SYSLOG_H 1
| #define HAVE_UNISTD_H 1
| #define HAVE__BOOL 1
| #define HAVE_STDBOOL_H 1
| /* end confdefs.h.  */
| #include <stdio.h>
| #ifdef HAVE_SYS_TYPES_H
| # include <sys/types.h>
| #endif
| #ifdef HAVE_SYS_STAT_H
| # include <sys/stat.h>
| #endif
| #ifdef STDC_HEADERS
| # include <stdlib.h>
| # include <stddef.h>
| #else
| # ifdef HAVE_STDLIB_H
| #  include <stdlib.h>
| # endif
| #endif
| #ifdef HAVE_STRING_H
| # if !defined STDC_HEADERS && defined HAVE_MEMORY_H
| #  include <memory.h>
| # endif
| # include <string.h>
| #endif
| #ifdef HAVE_STRINGS_H
| # include <strings.h>
| #endif
| #ifdef HAVE_INTTYPES_H
| # include <inttypes.h>
| #endif
| #ifdef HAVE_STDINT_H
| # include <stdint.h>
| #endif
| #ifdef HAVE_UNISTD_H
| # include <unistd.h>
| #endif
| 	        enum { N = 64 / 2 - 1 };
| int
| main ()
| {
| static int test_array [1 - 2 * !((int64_t) (((((int64_t) 1 << N) << N) - 1) * 2 + 1)
| 		 < (int64_t) (((((int64_t) 1 << N) << N) - 1) * 2 + 2))];
| test_array [0] = 0;
| return test_array [0];
| 
|   ;
|   return 0;
| }
configure:5332: result: yes
configure:5343: checking for size_t
configure:5343: gcc -c -g -O2  conftest.c >&5
configure:5343: $? = 0
configure:5343: gcc -c -g -O2  conftest.c >&5
conftest.c: In function 'main':
conftest.c:75:21: error: expected expression before ')' token
 if (sizeof ((size_t)))
                     ^
configure:5343: $? = 1
configure: failed program was:
| /* confdefs.h */
| #define PACKAGE_NAME "MK Livestatus"
| #define PACKAGE_TARNAME "mk-livestatus"
| #define PACKAGE_VERSION "1.2.7i2p3"
| #define PACKAGE_STRING "MK Livestatus 1.2.7i2p3"
| #define PACKAGE_BUGREPORT "mk@mathias-kettner.de"
| #define PACKAGE_URL ""
| #define PACKAGE "mk-livestatus"
| #define VERSION "1.2.7i2p3"
| #define HAVE_DIRENT_H 1
| #define STDC_HEADERS 1
| #define HAVE_SYS_WAIT_H 1
| #define HAVE_SYS_TYPES_H 1
| #define HAVE_SYS_STAT_H 1
| #define HAVE_STDLIB_H 1
| #define HAVE_STRING_H 1
| #define HAVE_MEMORY_H 1
| #define HAVE_STRINGS_H 1
| #define HAVE_INTTYPES_H 1
| #define HAVE_STDINT_H 1
| #define HAVE_UNISTD_H 1
| #define HAVE_ARPA_INET_H 1
| #define HAVE_FCNTL_H 1
| #define HAVE_LIMITS_H 1
| #define HAVE_NETDB_H 1
| #define HAVE_NETINET_IN_H 1
| #define HAVE_STDINT_H 1
| #define HAVE_STDLIB_H 1
| #define HAVE_STRING_H 1
| #define HAVE_STRINGS_H 1
| #define HAVE_SYS_SOCKET_H 1
| #define HAVE_SYS_TIME_H 1
| #define HAVE_SYS_TIMEB_H 1
| #define HAVE_SYSLOG_H 1
| #define HAVE_UNISTD_H 1
| #define HAVE__BOOL 1
| #define HAVE_STDBOOL_H 1
| /* end confdefs.h.  */
| #include <stdio.h>
| #ifdef HAVE_SYS_TYPES_H
| # include <sys/types.h>
| #endif
| #ifdef HAVE_SYS_STAT_H
| # include <sys/stat.h>
| #endif
| #ifdef STDC_HEADERS
| # include <stdlib.h>
| # include <stddef.h>
| #else
| # ifdef HAVE_STDLIB_H
| #  include <stdlib.h>
| # endif
| #endif
| #ifdef HAVE_STRING_H
| # if !defined STDC_HEADERS && defined HAVE_MEMORY_H
| #  include <memory.h>
| # endif
| # include <string.h>
| #endif
| #ifdef HAVE_STRINGS_H
| # include <strings.h>
| #endif
| #ifdef HAVE_INTTYPES_H
| # include <inttypes.h>
| #endif
| #ifdef HAVE_STDINT_H
| # include <stdint.h>
| #endif
| #ifdef HAVE_UNISTD_H
| # include <unistd.h>
| #endif
| int
| main ()
| {
| if (sizeof ((size_t)))
| 	    return 0;
|   ;
|   return 0;
| }
configure:5343: result: yes
configure:5354: checking for ssize_t
configure:5354: gcc -c -g -O2  conftest.c >&5
configure:5354: $? = 0
configure:5354: gcc -c -g -O2  conftest.c >&5
conftest.c: In function 'main':
conftest.c:75:22: error: expected expression before ')' token
 if (sizeof ((ssize_t)))
                      ^
configure:5354: $? = 1
configure: failed program was:
| /* confdefs.h */
| #define PACKAGE_NAME "MK Livestatus"
| #define PACKAGE_TARNAME "mk-livestatus"
| #define PACKAGE_VERSION "1.2.7i2p3"
| #define PACKAGE_STRING "MK Livestatus 1.2.7i2p3"
| #define PACKAGE_BUGREPORT "mk@mathias-kettner.de"
| #define PACKAGE_URL ""
| #define PACKAGE "mk-livestatus"
| #define VERSION "1.2.7i2p3"
| #define HAVE_DIRENT_H 1
| #define STDC_HEADERS 1
| #define HAVE_SYS_WAIT_H 1
| #define HAVE_SYS_TYPES_H 1
| #define HAVE_SYS_STAT_H 1
| #define HAVE_STDLIB_H 1
| #define HAVE_STRING_H 1
| #define HAVE_MEMORY_H 1
| #define HAVE_STRINGS_H 1
| #define HAVE_INTTYPES_H 1
| #define HAVE_STDINT_H 1
| #define HAVE_UNISTD_H 1
| #define HAVE_ARPA_INET_H 1
| #define HAVE_FCNTL_H 1
| #define HAVE_LIMITS_H 1
| #define HAVE_NETDB_H 1
| #define HAVE_NETINET_IN_H 1
| #define HAVE_STDINT_H 1
| #define HAVE_STDLIB_H 1
| #define HAVE_STRING_H 1
| #define HAVE_STRINGS_H 1
| #define HAVE_SYS_SOCKET_H 1
| #define HAVE_SYS_TIME_H 1
| #define HAVE_SYS_TIMEB_H 1
| #define HAVE_SYSLOG_H 1
| #define HAVE_UNISTD_H 1
| #define HAVE__BOOL 1
| #define HAVE_STDBOOL_H 1
| /* end confdefs.h.  */
| #include <stdio.h>
| #ifdef HAVE_SYS_TYPES_H
| # include <sys/types.h>
| #endif
| #ifdef HAVE_SYS_STAT_H
| # include <sys/stat.h>
| #endif
| #ifdef STDC_HEADERS
| # include <stdlib.h>
| # include <stddef.h>
| #else
| # ifdef HAVE_STDLIB_H
| #  include <stdlib.h>
| # endif
| #endif
| #ifdef HAVE_STRING_H
| # if !defined STDC_HEADERS && defined HAVE_MEMORY_H
| #  include <memory.h>
| # endif
| # include <string.h>
| #endif
| #ifdef HAVE_STRINGS_H
| # include <strings.h>
| #endif
| #ifdef HAVE_INTTYPES_H
| # include <inttypes.h>
| #endif
| #ifdef HAVE_STDINT_H
| # include <stdint.h>
| #endif
| #ifdef HAVE_UNISTD_H
| # include <unistd.h>
| #endif
| int
| main ()
| {
| if (sizeof ((ssize_t)))
| 	    return 0;
|   ;
|   return 0;
| }
configure:5354: result: yes
configure:5365: checking whether time.h and sys/time.h may both be included
configure:5385: gcc -c -g -O2  conftest.c >&5
configure:5385: $? = 0
configure:5392: result: yes
configure:5400: checking for uint32_t
configure:5400: gcc -c -g -O2  conftest.c >&5
configure:5400: $? = 0
configure:5400: result: yes
configure:5414: checking for uint64_t
configure:5414: gcc -c -g -O2  conftest.c >&5
configure:5414: $? = 0
configure:5414: result: yes
configure:5432: checking for stdlib.h
configure:5432: result: yes
configure:5442: checking for GNU libc compatible malloc
configure:5466: gcc -o conftest -g -O2   conftest.c  >&5
configure:5466: $? = 0
configure:5466: ./conftest
configure:5466: $? = 0
configure:5476: result: yes
configure:5499: checking for stdlib.h
configure:5499: result: yes
configure:5509: checking for GNU libc compatible realloc
configure:5533: gcc -o conftest -g -O2   conftest.c  >&5
configure:5533: $? = 0
configure:5533: ./conftest
configure:5533: $? = 0
configure:5543: result: yes
configure:5567: checking sys/select.h usability
configure:5567: gcc -c -g -O2  conftest.c >&5
configure:5567: $? = 0
configure:5567: result: yes
configure:5567: checking sys/select.h presence
configure:5567: gcc -E  conftest.c
configure:5567: $? = 0
configure:5567: result: yes
configure:5567: checking for sys/select.h
configure:5567: result: yes
configure:5567: checking for sys/socket.h
configure:5567: result: yes
configure:5577: checking types of arguments for select
configure:5605: gcc -c -g -O2  conftest.c >&5
configure:5605: $? = 0
configure:5616: result: int,fd_set *,struct timeval *
configure:5639: checking return type of signal handlers
configure:5657: gcc -c -g -O2  conftest.c >&5
conftest.c: In function 'main':
conftest.c:55:1: error: void value not ignored as it ought to be
 return *(signal (0, 0)) (0) == 1;
 ^
configure:5657: $? = 1
configure: failed program was:
| /* confdefs.h */
| #define PACKAGE_NAME "MK Livestatus"
| #define PACKAGE_TARNAME "mk-livestatus"
| #define PACKAGE_VERSION "1.2.7i2p3"
| #define PACKAGE_STRING "MK Livestatus 1.2.7i2p3"
| #define PACKAGE_BUGREPORT "mk@mathias-kettner.de"
| #define PACKAGE_URL ""
| #define PACKAGE "mk-livestatus"
| #define VERSION "1.2.7i2p3"
| #define HAVE_DIRENT_H 1
| #define STDC_HEADERS 1
| #define HAVE_SYS_WAIT_H 1
| #define HAVE_SYS_TYPES_H 1
| #define HAVE_SYS_STAT_H 1
| #define HAVE_STDLIB_H 1
| #define HAVE_STRING_H 1
| #define HAVE_MEMORY_H 1
| #define HAVE_STRINGS_H 1
| #define HAVE_INTTYPES_H 1
| #define HAVE_STDINT_H 1
| #define HAVE_UNISTD_H 1
| #define HAVE_ARPA_INET_H 1
| #define HAVE_FCNTL_H 1
| #define HAVE_LIMITS_H 1
| #define HAVE_NETDB_H 1
| #define HAVE_NETINET_IN_H 1
| #define HAVE_STDINT_H 1
| #define HAVE_STDLIB_H 1
| #define HAVE_STRING_H 1
| #define HAVE_STRINGS_H 1
| #define HAVE_SYS_SOCKET_H 1
| #define HAVE_SYS_TIME_H 1
| #define HAVE_SYS_TIMEB_H 1
| #define HAVE_SYSLOG_H 1
| #define HAVE_UNISTD_H 1
| #define HAVE__BOOL 1
| #define HAVE_STDBOOL_H 1
| #define TIME_WITH_SYS_TIME 1
| #define HAVE_STDLIB_H 1
| #define HAVE_MALLOC 1
| #define HAVE_STDLIB_H 1
| #define HAVE_REALLOC 1
| #define HAVE_SYS_SELECT_H 1
| #define HAVE_SYS_SOCKET_H 1
| #define SELECT_TYPE_ARG1 int
| #define SELECT_TYPE_ARG234 (fd_set *)
| #define SELECT_TYPE_ARG5 (struct timeval *)
| /* end confdefs.h.  */
| #include <sys/types.h>
| #include <signal.h>
| 
| int
| main ()
| {
| return *(signal (0, 0)) (0) == 1;
|   ;
|   return 0;
| }
configure:5664: result: void
configure:5672: checking whether lstat correctly handles trailing slash
configure:5698: gcc -o conftest -g -O2   conftest.c  >&5
configure:5698: $? = 0
configure:5698: ./conftest
configure:5698: $? = 0
configure:5715: result: yes
configure:5734: checking whether stat accepts an empty string
configure:5754: gcc -o conftest -g -O2   conftest.c  >&5
configure:5754: $? = 0
configure:5754: ./conftest
configure:5754: $? = 0
configure:5764: result: no
configure:5783: checking for bzero
configure:5783: gcc -o conftest -g -O2   conftest.c  >&5
conftest.c:74:6: warning: conflicting types for built-in function 'bzero' [enabled by default]
 char bzero ();
      ^
configure:5783: $? = 0
configure:5783: result: yes
configure:5783: checking for gettimeofday
configure:5783: gcc -o conftest -g -O2   conftest.c  >&5
configure:5783: $? = 0
configure:5783: result: yes
configure:5783: checking for memmove
configure:5783: gcc -o conftest -g -O2   conftest.c  >&5
conftest.c:76:6: warning: conflicting types for built-in function 'memmove' [enabled by default]
 char memmove ();
      ^
configure:5783: $? = 0
configure:5783: result: yes
configure:5783: checking for regcomp
configure:5783: gcc -o conftest -g -O2   conftest.c  >&5
configure:5783: $? = 0
configure:5783: result: yes
configure:5783: checking for select
configure:5783: gcc -o conftest -g -O2   conftest.c  >&5
configure:5783: $? = 0
configure:5783: result: yes
configure:5783: checking for socket
configure:5783: gcc -o conftest -g -O2   conftest.c  >&5
configure:5783: $? = 0
configure:5783: result: yes
configure:5783: checking for strcasecmp
configure:5783: gcc -o conftest -g -O2   conftest.c  >&5
conftest.c:80:6: warning: conflicting types for built-in function 'strcasecmp' [enabled by default]
 char strcasecmp ();
      ^
configure:5783: $? = 0
configure:5783: result: yes
configure:5783: checking for strdup
configure:5783: gcc -o conftest -g -O2   conftest.c  >&5
conftest.c:81:6: warning: conflicting types for built-in function 'strdup' [enabled by default]
 char strdup ();
      ^
configure:5783: $? = 0
configure:5783: result: yes
configure:5783: checking for strerror
configure:5783: gcc -o conftest -g -O2   conftest.c  >&5
configure:5783: $? = 0
configure:5783: result: yes
configure:5783: checking for strtoul
configure:5783: gcc -o conftest -g -O2   conftest.c  >&5
configure:5783: $? = 0
configure:5783: result: yes
configure:5946: creating ./config.status

## ---------------------- ##
## Running config.status. ##
## ---------------------- ##

This file was extended by MK Livestatus config.status 1.2.7i2p3, which was
generated by GNU Autoconf 2.69.  Invocation command line was

  CONFIG_FILES    = 
  CONFIG_HEADERS  = 
  CONFIG_LINKS    = 
  CONFIG_COMMANDS = 
  $ ./config.status 

on ubuntu-amd64

config.status:899: creating Makefile
config.status:899: creating src/Makefile
config.status:899: creating config.h
config.status:1128: executing depfiles commands

## ---------------- ##
## Cache variables. ##
## ---------------- ##

ac_cv_c_compiler_gnu=yes
ac_cv_c_const=yes
ac_cv_c_inline=inline
ac_cv_c_int32_t=yes
ac_cv_c_int64_t=yes
ac_cv_c_uint32_t=yes
ac_cv_c_uint64_t=yes
ac_cv_cxx_compiler_gnu=yes
ac_cv_env_CCC_set=
ac_cv_env_CCC_value=
ac_cv_env_CC_set=
ac_cv_env_CC_value=
ac_cv_env_CFLAGS_set=
ac_cv_env_CFLAGS_value=
ac_cv_env_CPPFLAGS_set=
ac_cv_env_CPPFLAGS_value=
ac_cv_env_CPP_set=
ac_cv_env_CPP_value=
ac_cv_env_CXXFLAGS_set=
ac_cv_env_CXXFLAGS_value=
ac_cv_env_CXX_set=
ac_cv_env_CXX_value=
ac_cv_env_LDFLAGS_set=
ac_cv_env_LDFLAGS_value=
ac_cv_env_LIBS_set=
ac_cv_env_LIBS_value=
ac_cv_env_build_alias_set=
ac_cv_env_build_alias_value=
ac_cv_env_host_alias_set=
ac_cv_env_host_alias_value=
ac_cv_env_target_alias_set=
ac_cv_env_target_alias_value=
ac_cv_func_bzero=yes
ac_cv_func_gettimeofday=yes
ac_cv_func_lstat_dereferences_slashed_symlink=yes
ac_cv_func_malloc_0_nonnull=yes
ac_cv_func_memmove=yes
ac_cv_func_realloc_0_nonnull=yes
ac_cv_func_regcomp=yes
ac_cv_func_select=yes
ac_cv_func_select_args='int,fd_set *,struct timeval *'
ac_cv_func_socket=yes
ac_cv_func_stat_empty_string_bug=no
ac_cv_func_strcasecmp=yes
ac_cv_func_strdup=yes
ac_cv_func_strerror=yes
ac_cv_func_strtoul=yes
ac_cv_header_arpa_inet_h=yes
ac_cv_header_dirent_dirent_h=yes
ac_cv_header_fcntl_h=yes
ac_cv_header_inttypes_h=yes
ac_cv_header_limits_h=yes
ac_cv_header_memory_h=yes
ac_cv_header_netdb_h=yes
ac_cv_header_netinet_in_h=yes
ac_cv_header_stdbool_h=yes
ac_cv_header_stdc=yes
ac_cv_header_stdint_h=yes
ac_cv_header_stdlib_h=yes
ac_cv_header_string_h=yes
ac_cv_header_strings_h=yes
ac_cv_header_sys_select_h=yes
ac_cv_header_sys_socket_h=yes
ac_cv_header_sys_stat_h=yes
ac_cv_header_sys_time_h=yes
ac_cv_header_sys_timeb_h=yes
ac_cv_header_sys_types_h=yes
ac_cv_header_sys_wait_h=yes
ac_cv_header_syslog_h=yes
ac_cv_header_time=yes
ac_cv_header_unistd_h=yes
ac_cv_lib_socket_connect=no
ac_cv_lib_socket_shutdown=no
ac_cv_lib_socket_socket=no
ac_cv_objext=o
ac_cv_path_EGREP='/bin/grep -E'
ac_cv_path_GREP=/bin/grep
ac_cv_path_install='/usr/bin/install -c'
ac_cv_path_mkdir=/bin/mkdir
ac_cv_prog_AWK=gawk
ac_cv_prog_CPP='gcc -E'
ac_cv_prog_ac_ct_CC=gcc
ac_cv_prog_ac_ct_CXX=g++
ac_cv_prog_ac_ct_RANLIB=ranlib
ac_cv_prog_cc_c89=
ac_cv_prog_cc_g=yes
ac_cv_prog_cxx_g=yes
ac_cv_prog_make_make_set=yes
ac_cv_search_opendir='none required'
ac_cv_type__Bool=yes
ac_cv_type_signal=void
ac_cv_type_size_t=yes
ac_cv_type_ssize_t=yes
am_cv_CC_dependencies_compiler_type=gcc3
am_cv_CXX_dependencies_compiler_type=gcc3

## ----------------- ##
## Output variables. ##
## ----------------- ##

ACLOCAL='${SHELL} /root/nagios/check_mk-1.2.7i2p3/livestatus.src/missing --run aclocal-1.11'
AMDEPBACKSLASH='\'
AMDEP_FALSE='#'
AMDEP_TRUE=''
AMTAR='$${TAR-tar}'
AUTOCONF='${SHELL} /root/nagios/check_mk-1.2.7i2p3/livestatus.src/missing --run autoconf'
AUTOHEADER='${SHELL} /root/nagios/check_mk-1.2.7i2p3/livestatus.src/missing --run autoheader'
AUTOMAKE='${SHELL} /root/nagios/check_mk-1.2.7i2p3/livestatus.src/missing --run automake-1.11'
AWK='gawk'
CC='gcc'
CCDEPMODE='depmode=gcc3'
CFLAGS='-g -O2'
CPP='gcc -E'
CPPFLAGS='-g -O2 -DNAGIOS4'
CXX='g++'
CXXDEPMODE='depmode=gcc3'
CXXFLAGS='-g -O2'
CYGPATH_W='echo'
DEFS='-DHAVE_CONFIG_H'
DEPDIR='.deps'
ECHO_C=''
ECHO_N='-n'
ECHO_T=''
EGREP='/bin/grep -E'
EXEEXT=''
GREP='/bin/grep'
HAVE_DIET_FALSE=''
HAVE_DIET_TRUE='#'
INSTALL_DATA='${INSTALL} -m 644'
INSTALL_PROGRAM='${INSTALL}'
INSTALL_SCRIPT='${INSTALL}'
INSTALL_STRIP_PROGRAM='$(install_sh) -c -s'
LDFLAGS=''
LIBOBJS=''
LIBS=''
LTLIBOBJS=''
MAKEINFO='${SHELL} /root/nagios/check_mk-1.2.7i2p3/livestatus.src/missing --run makeinfo'
MKDIR_P='/bin/mkdir -p'
OBJEXT='o'
PACKAGE='mk-livestatus'
PACKAGE_BUGREPORT='mk@mathias-kettner.de'
PACKAGE_NAME='MK Livestatus'
PACKAGE_STRING='MK Livestatus 1.2.7i2p3'
PACKAGE_TARNAME='mk-livestatus'
PACKAGE_URL=''
PACKAGE_VERSION='1.2.7i2p3'
PATH_SEPARATOR=':'
RANLIB='ranlib'
SET_MAKE=''
SHELL='/bin/bash'
STRIP=''
VERSION='1.2.7i2p3'
ac_ct_CC='gcc'
ac_ct_CXX='g++'
am__EXEEXT_FALSE=''
am__EXEEXT_TRUE='#'
am__fastdepCC_FALSE='#'
am__fastdepCC_TRUE=''
am__fastdepCXX_FALSE='#'
am__fastdepCXX_TRUE=''
am__include='include'
am__isrc=''
am__leading_dot='.'
am__nodep='_no'
am__quote=''
am__tar='$${TAR-tar} chof - "$$tardir"'
am__untar='$${TAR-tar} xf -'
bindir='/usr/bin'
build_alias=''
datadir='${datarootdir}'
datarootdir='${prefix}/share'
docdir='${datarootdir}/doc/${PACKAGE_TARNAME}'
dvidir='${docdir}'
exec_prefix='${prefix}'
host_alias=''
htmldir='${docdir}'
includedir='${prefix}/include'
infodir='${datarootdir}/info'
install_sh='${SHELL} /root/nagios/check_mk-1.2.7i2p3/livestatus.src/install-sh'
libdir='/usr/lib/check_mk'
libexecdir='${exec_prefix}/libexec'
localedir='${datarootdir}/locale'
localstatedir='${prefix}/var'
mandir='${datarootdir}/man'
mkdir_p='/bin/mkdir -p'
nagios_headers='nagios4'
oldincludedir='/usr/include'
pdfdir='${docdir}'
prefix='/usr/local'
program_transform_name='s,x,x,'
psdir='${docdir}'
sbindir='${exec_prefix}/sbin'
sharedstatedir='${prefix}/com'
sysconfdir='${prefix}/etc'
target_alias=''

## ----------- ##
## confdefs.h. ##
## ----------- ##

/* confdefs.h */
#define PACKAGE_NAME "MK Livestatus"
#define PACKAGE_TARNAME "mk-livestatus"
#define PACKAGE_VERSION "1.2.7i2p3"
#define PACKAGE_STRING "MK Livestatus 1.2.7i2p3"
#define PACKAGE_BUGREPORT "mk@mathias-kettner.de"
#define PACKAGE_URL ""
#define PACKAGE "mk-livestatus"
#define VERSION "1.2.7i2p3"
#define HAVE_DIRENT_H 1
#define STDC_HEADERS 1
#define HAVE_SYS_WAIT_H 1
#define HAVE_SYS_TYPES_H 1
#define HAVE_SYS_STAT_H 1
#define HAVE_STDLIB_H 1
#define HAVE_STRING_H 1
#define HAVE_MEMORY_H 1
#define HAVE_STRINGS_H 1
#define HAVE_INTTYPES_H 1
#define HAVE_STDINT_H 1
#define HAVE_UNISTD_H 1
#define HAVE_ARPA_INET_H 1
#define HAVE_FCNTL_H 1
#define HAVE_LIMITS_H 1
#define HAVE_NETDB_H 1
#define HAVE_NETINET_IN_H 1
#define HAVE_STDINT_H 1
#define HAVE_STDLIB_H 1
#define HAVE_STRING_H 1
#define HAVE_STRINGS_H 1
#define HAVE_SYS_SOCKET_H 1
#define HAVE_SYS_TIME_H 1
#define HAVE_SYS_TIMEB_H 1
#define HAVE_SYSLOG_H 1
#define HAVE_UNISTD_H 1
#define HAVE__BOOL 1
#define HAVE_STDBOOL_H 1
#define TIME_WITH_SYS_TIME 1
#define HAVE_STDLIB_H 1
#define HAVE_MALLOC 1
#define HAVE_STDLIB_H 1
#define HAVE_REALLOC 1
#define HAVE_SYS_SELECT_H 1
#define HAVE_SYS_SOCKET_H 1
#define SELECT_TYPE_ARG1 int
#define SELECT_TYPE_ARG234 (fd_set *)
#define SELECT_TYPE_ARG5 (struct timeval *)
#define RETSIGTYPE void
#define LSTAT_FOLLOWS_SLASHED_SYMLINK 1
#define HAVE_BZERO 1
#define HAVE_GETTIMEOFDAY 1
#define HAVE_MEMMOVE 1
#define HAVE_REGCOMP 1
#define HAVE_SELECT 1
#define HAVE_SOCKET 1
#define HAVE_STRCASECMP 1
#define HAVE_STRDUP 1
#define HAVE_STRERROR 1
#define HAVE_STRTOUL 1

configure: exit 0
